# JRE version: Java(TM) SE Runtime Environment (17.0.10+11) (build 17.0.10+11-LTS-240)
# Java VM: Java HotSpot(TM) 64-Bit Server VM (17.0.10+11-LTS-240, mixed mode, sharing, tiered, compressed oops, compressed class ptrs, g1 gc, windows-amd64)
GC Precious Log:
 CPUs: 16 total, 16 available
 Memory: 15775M
 Large Page Support: Disabled
 NUMA Support: Disabled
 Compressed Oops: Enabled (Zero based)
 Heap Region Size: 2M
 Heap Min Capacity: 8M
 Heap Initial Capacity: 248M
 Heap Max Capacity: 3944M
 Pre-touch: Disabled
 Parallel Workers: 13
 Concurrent Workers: 3
 Concurrent Refinement Workers: 13
 Periodic GC: Disabled
Heap:
 garbage-first heap   total 366592K, used 29281K [0x0000000709800000, 0x0000000800000000)
  region size 2048K, 4 young (8192K), 4 survivors (8192K)
 Metaspace       used 25487K, committed 25728K, reserved 1114112K
  class space    used 2932K, committed 3072K, reserved 1048576K
GC Heap History (20 events):
Event: 62.450 GC heap after
{Heap after GC invocations=23 (full 0):
 garbage-first heap   total 305152K, used 26937K [0x0000000709800000, 0x0000000800000000)
  region size 2048K, 4 young (8192K), 4 survivors (8192K)
 Metaspace       used 25427K, committed 25664K, reserved 1114112K
  class space    used 2931K, committed 3072K, reserved 1048576K
}
Event: 63.275 GC heap before
{Heap before GC invocations=23 (full 0):
 garbage-first heap   total 305152K, used 201017K [0x0000000709800000, 0x0000000800000000)
  region size 2048K, 89 young (182272K), 4 survivors (8192K)
 Metaspace       used 25433K, committed 25728K, reserved 1114112K
  class space    used 2931K, committed 3072K, reserved 1048576K
}
Event: 63.291 GC heap after
{Heap after GC invocations=24 (full 0):
 garbage-first heap   total 305152K, used 26157K [0x0000000709800000, 0x0000000800000000)
  region size 2048K, 4 young (8192K), 4 survivors (8192K)
 Metaspace       used 25433K, committed 25728K, reserved 1114112K
  class space    used 2931K, committed 3072K, reserved 1048576K
}
Event: 64.036 GC heap before
{Heap before GC invocations=24 (full 0):
 garbage-first heap   total 305152K, used 200237K [0x0000000709800000, 0x0000000800000000)
  region size 2048K, 89 young (182272K), 4 survivors (8192K)
 Metaspace       used 25465K, committed 25728K, reserved 1114112K
  class space    used 2931K, committed 3072K, reserved 1048576K
}
Event: 64.063 GC heap after
{Heap after GC invocations=25 (full 0):
 garbage-first heap   total 305152K, used 25208K [0x0000000709800000, 0x0000000800000000)
  region size 2048K, 3 young (6144K), 3 survivors (6144K)
 Metaspace       used 25465K, committed 25728K, reserved 1114112K
  class space    used 2931K, committed 3072K, reserved 1048576K
}
Event: 64.804 GC heap before
{Heap before GC invocations=25 (full 0):
 garbage-first heap   total 305152K, used 201336K [0x0000000709800000, 0x0000000800000000)
  region size 2048K, 89 young (182272K), 3 survivors (6144K)
 Metaspace       used 25466K, committed 25728K, reserved 1114112K
  class space    used 2931K, committed 3072K, reserved 1048576K
}
Event: 64.813 GC heap after
{Heap after GC invocations=26 (full 0):
 garbage-first heap   total 305152K, used 26826K [0x0000000709800000, 0x0000000800000000)
  region size 2048K, 4 young (8192K), 4 survivors (8192K)
 Metaspace       used 25466K, committed 25728K, reserved 1114112K
  class space    used 2931K, committed 3072K, reserved 1048576K
}
Event: 65.171 GC heap before
{Heap before GC invocations=26 (full 0):
 garbage-first heap   total 305152K, used 200906K [0x0000000709800000, 0x0000000800000000)
  region size 2048K, 89 young (182272K), 4 survivors (8192K)
 Metaspace       used 25467K, committed 25728K, reserved 1114112K
  class space    used 2931K, committed 3072K, reserved 1048576K
}
Event: 65.174 GC heap after
{Heap after GC invocations=27 (full 0):
 garbage-first heap   total 366592K, used 25610K [0x0000000709800000, 0x0000000800000000)
  region size 2048K, 3 young (6144K), 3 survivors (6144K)
 Metaspace       used 25467K, committed 25728K, reserved 1114112K
  class space    used 2931K, committed 3072K, reserved 1048576K
}
Event: 68.979 GC heap before
{Heap before GC invocations=27 (full 0):
 garbage-first heap   total 366592K, used 238602K [0x0000000709800000, 0x0000000800000000)
  region size 2048K, 107 young (219136K), 3 survivors (6144K)
 Metaspace       used 25471K, committed 25728K, reserved 1114112K
  class space    used 2932K, committed 3072K, reserved 1048576K
}
Event: 69.174 GC heap after
{Heap after GC invocations=28 (full 0):
 garbage-first heap   total 366592K, used 28057K [0x0000000709800000, 0x0000000800000000)
  region size 2048K, 4 young (8192K), 4 survivors (8192K)
 Metaspace       used 25471K, committed 25728K, reserved 1114112K
  class space    used 2932K, committed 3072K, reserved 1048576K
}
Event: 69.765 GC heap before
{Heap before GC invocations=28 (full 0):
 garbage-first heap   total 366592K, used 239001K [0x0000000709800000, 0x0000000800000000)
  region size 2048K, 107 young (219136K), 4 survivors (8192K)
 Metaspace       used 25473K, committed 25728K, reserved 1114112K
  class space    used 2932K, committed 3072K, reserved 1048576K
}
Event: 69.805 GC heap after
{Heap after GC invocations=29 (full 0):
 garbage-first heap   total 366592K, used 27170K [0x0000000709800000, 0x0000000800000000)
  region size 2048K, 4 young (8192K), 4 survivors (8192K)
 Metaspace       used 25473K, committed 25728K, reserved 1114112K
  class space    used 2932K, committed 3072K, reserved 1048576K
}
Event: 70.611 GC heap before
{Heap before GC invocations=29 (full 0):
 garbage-first heap   total 366592K, used 238114K [0x0000000709800000, 0x0000000800000000)
  region size 2048K, 107 young (219136K), 4 survivors (8192K)
 Metaspace       used 25474K, committed 25728K, reserved 1114112K
  class space    used 2932K, committed 3072K, reserved 1048576K
}
Event: 70.721 GC heap after
{Heap after GC invocations=30 (full 0):
 garbage-first heap   total 366592K, used 29268K [0x0000000709800000, 0x0000000800000000)
  region size 2048K, 5 young (10240K), 5 survivors (10240K)
 Metaspace       used 25474K, committed 25728K, reserved 1114112K
  class space    used 2932K, committed 3072K, reserved 1048576K
}
Event: 72.186 GC heap before
{Heap before GC invocations=30 (full 0):
 garbage-first heap   total 366592K, used 238164K [0x0000000709800000, 0x0000000800000000)
  region size 2048K, 107 young (219136K), 5 survivors (10240K)
 Metaspace       used 25479K, committed 25728K, reserved 1114112K
  class space    used 2932K, committed 3072K, reserved 1048576K
}
Event: 72.193 GC heap after
{Heap after GC invocations=31 (full 0):
 garbage-first heap   total 366592K, used 28165K [0x0000000709800000, 0x0000000800000000)
  region size 2048K, 4 young (8192K), 4 survivors (8192K)
 Metaspace       used 25479K, committed 25728K, reserved 1114112K
  class space    used 2932K, committed 3072K, reserved 1048576K
}
Event: 73.163 GC heap before
{Heap before GC invocations=31 (full 0):
 garbage-first heap   total 366592K, used 239109K [0x0000000709800000, 0x0000000800000000)
  region size 2048K, 107 young (219136K), 4 survivors (8192K)
 Metaspace       used 25487K, committed 25728K, reserved 1114112K
  class space    used 2932K, committed 3072K, reserved 1048576K
}
Event: 73.261 GC heap after
{Heap after GC invocations=32 (full 0):
 garbage-first heap   total 366592K, used 30326K [0x0000000709800000, 0x0000000800000000)
  region size 2048K, 5 young (10240K), 5 survivors (10240K)
 Metaspace       used 25487K, committed 25728K, reserved 1114112K
  class space    used 2932K, committed 3072K, reserved 1048576K
}
Event: 74.284 GC heap before
{Heap before GC invocations=32 (full 0):
 garbage-first heap   total 366592K, used 239222K [0x0000000709800000, 0x0000000800000000)
  region size 2048K, 107 young (219136K), 5 survivors (10240K)
 Metaspace       used 25487K, committed 25728K, reserved 1114112K
  class space    used 2932K, committed 3072K, reserved 1048576K
}

