# JRE version: Java(TM) SE Runtime Environment (17.0.10+11) (build 17.0.10+11-LTS-240)
# Java VM: Java HotSpot(TM) 64-Bit Server VM (17.0.10+11-LTS-240, mixed mode, sharing, tiered, compressed oops, compressed class ptrs, g1 gc, windows-amd64)
GC Precious Log:
 CPUs: 16 total, 16 available
 Memory: 15775M
 Large Page Support: Disabled
 NUMA Support: Disabled
 Compressed Oops: Enabled (Zero based)
 Heap Region Size: 2M
 Heap Min Capacity: 8M
 Heap Initial Capacity: 248M
 Heap Max Capacity: 3944M
 Pre-touch: Disabled
 Parallel Workers: 13
 Concurrent Workers: 3
 Concurrent Refinement Workers: 13
 Periodic GC: Disabled
Heap:
 garbage-first heap   total 1105920K, used 40619K [0x0000000709800000, 0x0000000800000000)
  region size 2048K, 2 young (4096K), 2 survivors (4096K)
 Metaspace       used 25686K, committed 25984K, reserved 1114112K
  class space    used 2929K, committed 3072K, reserved 1048576K
GC Heap History (20 events):
Event: 127.454 GC heap after
{Heap after GC invocations=55 (full 0):
 garbage-first heap   total 1105920K, used 36569K [0x0000000709800000, 0x0000000800000000)
  region size 2048K, 6 young (12288K), 6 survivors (12288K)
 Metaspace       used 25686K, committed 25984K, reserved 1114112K
  class space    used 2929K, committed 3072K, reserved 1048576K
}
Event: 130.521 GC heap before
{Heap before GC invocations=55 (full 0):
 garbage-first heap   total 1105920K, used 687833K [0x0000000709800000, 0x0000000800000000)
  region size 2048K, 324 young (663552K), 6 survivors (12288K)
 Metaspace       used 25686K, committed 25984K, reserved 1114112K
  class space    used 2929K, committed 3072K, reserved 1048576K
}
Event: 130.609 GC heap after
{Heap after GC invocations=56 (full 0):
 garbage-first heap   total 1105920K, used 37360K [0x0000000709800000, 0x0000000800000000)
  region size 2048K, 6 young (12288K), 6 survivors (12288K)
 Metaspace       used 25686K, committed 25984K, reserved 1114112K
  class space    used 2929K, committed 3072K, reserved 1048576K
}
Event: 133.161 GC heap before
{Heap before GC invocations=56 (full 0):
 garbage-first heap   total 1105920K, used 688624K [0x0000000709800000, 0x0000000800000000)
  region size 2048K, 324 young (663552K), 6 survivors (12288K)
 Metaspace       used 25686K, committed 25984K, reserved 1114112K
  class space    used 2929K, committed 3072K, reserved 1048576K
}
Event: 133.215 GC heap after
{Heap after GC invocations=57 (full 0):
 garbage-first heap   total 1105920K, used 37537K [0x0000000709800000, 0x0000000800000000)
  region size 2048K, 6 young (12288K), 6 survivors (12288K)
 Metaspace       used 25686K, committed 25984K, reserved 1114112K
  class space    used 2929K, committed 3072K, reserved 1048576K
}
Event: 136.643 GC heap before
{Heap before GC invocations=57 (full 0):
 garbage-first heap   total 1105920K, used 688801K [0x0000000709800000, 0x0000000800000000)
  region size 2048K, 324 young (663552K), 6 survivors (12288K)
 Metaspace       used 25686K, committed 25984K, reserved 1114112K
  class space    used 2929K, committed 3072K, reserved 1048576K
}
Event: 136.731 GC heap after
{Heap after GC invocations=58 (full 0):
 garbage-first heap   total 1105920K, used 40496K [0x0000000709800000, 0x0000000800000000)
  region size 2048K, 7 young (14336K), 7 survivors (14336K)
 Metaspace       used 25686K, committed 25984K, reserved 1114112K
  class space    used 2929K, committed 3072K, reserved 1048576K
}
Event: 140.640 GC heap before
{Heap before GC invocations=58 (full 0):
 garbage-first heap   total 1105920K, used 689712K [0x0000000709800000, 0x0000000800000000)
  region size 2048K, 324 young (663552K), 7 survivors (14336K)
 Metaspace       used 25686K, committed 25984K, reserved 1114112K
  class space    used 2929K, committed 3072K, reserved 1048576K
}
Event: 140.704 GC heap after
{Heap after GC invocations=59 (full 0):
 garbage-first heap   total 1105920K, used 39225K [0x0000000709800000, 0x0000000800000000)
  region size 2048K, 7 young (14336K), 7 survivors (14336K)
 Metaspace       used 25686K, committed 25984K, reserved 1114112K
  class space    used 2929K, committed 3072K, reserved 1048576K
}
Event: 144.177 GC heap before
{Heap before GC invocations=59 (full 0):
 garbage-first heap   total 1105920K, used 688441K [0x0000000709800000, 0x0000000800000000)
  region size 2048K, 324 young (663552K), 7 survivors (14336K)
 Metaspace       used 25686K, committed 25984K, reserved 1114112K
  class space    used 2929K, committed 3072K, reserved 1048576K
}
Event: 144.323 GC heap after
{Heap after GC invocations=60 (full 0):
 garbage-first heap   total 1105920K, used 40398K [0x0000000709800000, 0x0000000800000000)
  region size 2048K, 7 young (14336K), 7 survivors (14336K)
 Metaspace       used 25686K, committed 25984K, reserved 1114112K
  class space    used 2929K, committed 3072K, reserved 1048576K
}
Event: 147.079 GC heap before
{Heap before GC invocations=60 (full 0):
 garbage-first heap   total 1105920K, used 689614K [0x0000000709800000, 0x0000000800000000)
  region size 2048K, 324 young (663552K), 7 survivors (14336K)
 Metaspace       used 25686K, committed 25984K, reserved 1114112K
  class space    used 2929K, committed 3072K, reserved 1048576K
}
Event: 147.303 GC heap after
{Heap after GC invocations=61 (full 0):
 garbage-first heap   total 1105920K, used 40688K [0x0000000709800000, 0x0000000800000000)
  region size 2048K, 7 young (14336K), 7 survivors (14336K)
 Metaspace       used 25686K, committed 25984K, reserved 1114112K
  class space    used 2929K, committed 3072K, reserved 1048576K
}
Event: 149.350 GC heap before
{Heap before GC invocations=61 (full 0):
 garbage-first heap   total 1105920K, used 444144K [0x0000000709800000, 0x0000000800000000)
  region size 2048K, 204 young (417792K), 7 survivors (14336K)
 Metaspace       used 25686K, committed 25984K, reserved 1114112K
  class space    used 2929K, committed 3072K, reserved 1048576K
}
Event: 149.591 GC heap after
{Heap after GC invocations=62 (full 0):
 garbage-first heap   total 1105920K, used 41020K [0x0000000709800000, 0x0000000800000000)
  region size 2048K, 7 young (14336K), 7 survivors (14336K)
 Metaspace       used 25686K, committed 25984K, reserved 1114112K
  class space    used 2929K, committed 3072K, reserved 1048576K
}
Event: 149.764 GC heap before
{Heap before GC invocations=62 (full 0):
 garbage-first heap   total 1105920K, used 81980K [0x0000000709800000, 0x0000000800000000)
  region size 2048K, 27 young (55296K), 7 survivors (14336K)
 Metaspace       used 25686K, committed 25984K, reserved 1114112K
  class space    used 2929K, committed 3072K, reserved 1048576K
}
Event: 150.158 GC heap after
{Heap after GC invocations=63 (full 0):
 garbage-first heap   total 1105920K, used 41233K [0x0000000709800000, 0x0000000800000000)
  region size 2048K, 3 young (6144K), 3 survivors (6144K)
 Metaspace       used 25686K, committed 25984K, reserved 1114112K
  class space    used 2929K, committed 3072K, reserved 1048576K
}
Event: 150.375 GC heap before
{Heap before GC invocations=63 (full 0):
 garbage-first heap   total 1105920K, used 90385K [0x0000000709800000, 0x0000000800000000)
  region size 2048K, 27 young (55296K), 3 survivors (6144K)
 Metaspace       used 25686K, committed 25984K, reserved 1114112K
  class space    used 2929K, committed 3072K, reserved 1048576K
}
Event: 150.423 GC heap after
{Heap after GC invocations=64 (full 0):
 garbage-first heap   total 1105920K, used 41672K [0x0000000709800000, 0x0000000800000000)
  region size 2048K, 3 young (6144K), 3 survivors (6144K)
 Metaspace       used 25686K, committed 25984K, reserved 1114112K
  class space    used 2929K, committed 3072K, reserved 1048576K
}
Event: 150.740 GC heap before
{Heap before GC invocations=64 (full 0):
 garbage-first heap   total 1105920K, used 139976K [0x0000000709800000, 0x0000000800000000)
  region size 2048K, 51 young (104448K), 3 survivors (6144K)
 Metaspace       used 25686K, committed 25984K, reserved 1114112K
  class space    used 2929K, committed 3072K, reserved 1048576K
}

