# JRE version: Java(TM) SE Runtime Environment (17.0.10+11) (build 17.0.10+11-LTS-240)
# Java VM: Java HotSpot(TM) 64-Bit Server VM (17.0.10+11-LTS-240, mixed mode, sharing, tiered, compressed oops, compressed class ptrs, g1 gc, windows-amd64)
GC Precious Log:
 CPUs: 16 total, 16 available
 Memory: 15775M
 Large Page Support: Disabled
 NUMA Support: Disabled
 Compressed Oops: Enabled (Zero based)
 Heap Region Size: 2M
 Heap Min Capacity: 8M
 Heap Initial Capacity: 248M
 Heap Max Capacity: 3944M
 Pre-touch: Disabled
 Parallel Workers: 13
 Concurrent Workers: 3
 Concurrent Refinement Workers: 13
 Periodic GC: Disabled
Heap:
 garbage-first heap   total 1308672K, used 41383K [0x0000000709800000, 0x0000000800000000)
  region size 2048K, 3 young (6144K), 3 survivors (6144K)
 Metaspace       used 25584K, committed 25856K, reserved 1114112K
  class space    used 2932K, committed 3072K, reserved 1048576K
GC Heap History (20 events):
Event: 151.400 GC heap after
{Heap after GC invocations=61 (full 0):
 garbage-first heap   total 681984K, used 39792K [0x0000000709800000, 0x0000000800000000)
  region size 2048K, 6 young (12288K), 6 survivors (12288K)
 Metaspace       used 25584K, committed 25856K, reserved 1114112K
  class space    used 2932K, committed 3072K, reserved 1048576K
}
Event: 152.997 GC heap before
{Heap before GC invocations=61 (full 0):
 garbage-first heap   total 681984K, used 435056K [0x0000000709800000, 0x0000000800000000)
  region size 2048K, 199 young (407552K), 6 survivors (12288K)
 Metaspace       used 25584K, committed 25856K, reserved 1114112K
  class space    used 2932K, committed 3072K, reserved 1048576K
}
Event: 153.059 GC heap after
{Heap after GC invocations=62 (full 0):
 garbage-first heap   total 823296K, used 40059K [0x0000000709800000, 0x0000000800000000)
  region size 2048K, 6 young (12288K), 6 survivors (12288K)
 Metaspace       used 25584K, committed 25856K, reserved 1114112K
  class space    used 2932K, committed 3072K, reserved 1048576K
}
Event: 161.744 GC heap before
{Heap before GC invocations=62 (full 0):
 garbage-first heap   total 823296K, used 521339K [0x0000000709800000, 0x0000000800000000)
  region size 2048K, 241 young (493568K), 6 survivors (12288K)
 Metaspace       used 25584K, committed 25856K, reserved 1114112K
  class space    used 2932K, committed 3072K, reserved 1048576K
}
Event: 161.933 GC heap after
{Heap after GC invocations=63 (full 0):
 garbage-first heap   total 823296K, used 38591K [0x0000000709800000, 0x0000000800000000)
  region size 2048K, 5 young (10240K), 5 survivors (10240K)
 Metaspace       used 25584K, committed 25856K, reserved 1114112K
  class space    used 2932K, committed 3072K, reserved 1048576K
}
Event: 164.133 GC heap before
{Heap before GC invocations=63 (full 0):
 garbage-first heap   total 823296K, used 521919K [0x0000000709800000, 0x0000000800000000)
  region size 2048K, 241 young (493568K), 5 survivors (10240K)
 Metaspace       used 25584K, committed 25856K, reserved 1114112K
  class space    used 2932K, committed 3072K, reserved 1048576K
}
Event: 164.252 GC heap after
{Heap after GC invocations=64 (full 0):
 garbage-first heap   total 823296K, used 39623K [0x0000000709800000, 0x0000000800000000)
  region size 2048K, 6 young (12288K), 6 survivors (12288K)
 Metaspace       used 25584K, committed 25856K, reserved 1114112K
  class space    used 2932K, committed 3072K, reserved 1048576K
}
Event: 166.359 GC heap before
{Heap before GC invocations=64 (full 0):
 garbage-first heap   total 823296K, used 520903K [0x0000000709800000, 0x0000000800000000)
  region size 2048K, 241 young (493568K), 6 survivors (12288K)
 Metaspace       used 25584K, committed 25856K, reserved 1114112K
  class space    used 2932K, committed 3072K, reserved 1048576K
}
Event: 166.452 GC heap after
{Heap after GC invocations=65 (full 0):
 garbage-first heap   total 823296K, used 40926K [0x0000000709800000, 0x0000000800000000)
  region size 2048K, 6 young (12288K), 6 survivors (12288K)
 Metaspace       used 25584K, committed 25856K, reserved 1114112K
  class space    used 2932K, committed 3072K, reserved 1048576K
}
Event: 168.844 GC heap before
{Heap before GC invocations=65 (full 0):
 garbage-first heap   total 823296K, used 522206K [0x0000000709800000, 0x0000000800000000)
  region size 2048K, 241 young (493568K), 6 survivors (12288K)
 Metaspace       used 25584K, committed 25856K, reserved 1114112K
  class space    used 2932K, committed 3072K, reserved 1048576K
}
Event: 169.543 GC heap after
{Heap after GC invocations=66 (full 0):
 garbage-first heap   total 823296K, used 39161K [0x0000000709800000, 0x0000000800000000)
  region size 2048K, 5 young (10240K), 5 survivors (10240K)
 Metaspace       used 25584K, committed 25856K, reserved 1114112K
  class space    used 2932K, committed 3072K, reserved 1048576K
}
Event: 169.772 GC heap before
{Heap before GC invocations=66 (full 0):
 garbage-first heap   total 823296K, used 69881K [0x0000000709800000, 0x0000000800000000)
  region size 2048K, 20 young (40960K), 5 survivors (10240K)
 Metaspace       used 25584K, committed 25856K, reserved 1114112K
  class space    used 2932K, committed 3072K, reserved 1048576K
}
Event: 170.499 GC heap after
{Heap after GC invocations=67 (full 0):
 garbage-first heap   total 1308672K, used 39690K [0x0000000709800000, 0x0000000800000000)
  region size 2048K, 2 young (4096K), 2 survivors (4096K)
 Metaspace       used 25584K, committed 25856K, reserved 1114112K
  class space    used 2932K, committed 3072K, reserved 1048576K
}
Event: 174.364 GC heap before
{Heap before GC invocations=67 (full 0):
 garbage-first heap   total 1308672K, used 99082K [0x0000000709800000, 0x0000000800000000)
  region size 2048K, 31 young (63488K), 2 survivors (4096K)
 Metaspace       used 25584K, committed 25856K, reserved 1114112K
  class space    used 2932K, committed 3072K, reserved 1048576K
}
Event: 174.677 GC heap after
{Heap after GC invocations=68 (full 0):
 garbage-first heap   total 1308672K, used 39666K [0x0000000709800000, 0x0000000800000000)
  region size 2048K, 2 young (4096K), 2 survivors (4096K)
 Metaspace       used 25584K, committed 25856K, reserved 1114112K
  class space    used 2932K, committed 3072K, reserved 1048576K
}
Event: 174.782 GC heap before
{Heap before GC invocations=68 (full 0):
 garbage-first heap   total 1308672K, used 99058K [0x0000000709800000, 0x0000000800000000)
  region size 2048K, 31 young (63488K), 2 survivors (4096K)
 Metaspace       used 25584K, committed 25856K, reserved 1114112K
  class space    used 2932K, committed 3072K, reserved 1048576K
}
Event: 175.161 GC heap after
{Heap after GC invocations=69 (full 0):
 garbage-first heap   total 1308672K, used 40248K [0x0000000709800000, 0x0000000800000000)
  region size 2048K, 3 young (6144K), 3 survivors (6144K)
 Metaspace       used 25584K, committed 25856K, reserved 1114112K
  class space    used 2932K, committed 3072K, reserved 1048576K
}
Event: 175.250 GC heap before
{Heap before GC invocations=69 (full 0):
 garbage-first heap   total 1308672K, used 97592K [0x0000000709800000, 0x0000000800000000)
  region size 2048K, 31 young (63488K), 3 survivors (6144K)
 Metaspace       used 25584K, committed 25856K, reserved 1114112K
  class space    used 2932K, committed 3072K, reserved 1048576K
}
Event: 175.542 GC heap after
{Heap after GC invocations=70 (full 0):
 garbage-first heap   total 1308672K, used 40821K [0x0000000709800000, 0x0000000800000000)
  region size 2048K, 3 young (6144K), 3 survivors (6144K)
 Metaspace       used 25584K, committed 25856K, reserved 1114112K
  class space    used 2932K, committed 3072K, reserved 1048576K
}
Event: 175.630 GC heap before
{Heap before GC invocations=70 (full 0):
 garbage-first heap   total 1308672K, used 98165K [0x0000000709800000, 0x0000000800000000)
  region size 2048K, 31 young (63488K), 3 survivors (6144K)
 Metaspace       used 25584K, committed 25856K, reserved 1114112K
  class space    used 2932K, committed 3072K, reserved 1048576K
}

